1635317149164:help
1635317172067:Si Yuan Controller pv
1635317175846:pv
1635317361504:clean
1635317363735:help
1635317368410:clear
1635317376963:history
1635317391886:script
1635317398448:help script
1635338631569:op
1635338642657:stacktrace
1635339613610:help
1635339643424:open -id 20211027204701-qzkp2wb
1635339673261:open 20211027204701-qzkp2wb
1635339711084:help help
1635339719835:help open
1635339747623:clear
1635339755739:tv
1635425981849:help
1635425990654:pv
1635426000468:open 12
1635426020881:sc
1635426026069:open 12
1635426051942:open 11
1635426060317:tv
1635426065054:sc
1635426079060:open 17
1635426188305:open 2
1635428383156:pv
1635669010753:cn
1635669022794:stacktrace
1635669077460:cn
1635669667657:id 20211031153542-pr146no
1635669678820:cn
1635669691334:id 20211031145448-risctr2
1635669701604:cn
1635669714607:id 20211029164326-d7ny63c
1635669723648:cn
